#! /c/Source/iverilog-install/bin/vvp
:ivl_version "12.0 (devel)" "(s20150603-1110-g18392a46)";
:ivl_delay_selection "TYPICAL";
:vpi_time_precision + 0;
:vpi_module "C:\iverilog\lib\ivl\system.vpi";
:vpi_module "C:\iverilog\lib\ivl\vhdl_sys.vpi";
:vpi_module "C:\iverilog\lib\ivl\vhdl_textio.vpi";
:vpi_module "C:\iverilog\lib\ivl\v2005_math.vpi";
:vpi_module "C:\iverilog\lib\ivl\va_math.vpi";
S_00000208bae72a10 .scope module, "upcounter" "upcounter" 2 1;
 .timescale 0 0;
    .port_info 0 /OUTPUT 3 "count";
    .port_info 1 /INPUT 1 "rst";
    .port_info 2 /INPUT 1 "clk";
o00000208baea6f68 .functor BUFZ 1, C4<z>; HiZ drive
v00000208bae72ba0_0 .net "clk", 0 0, o00000208baea6f68;  0 drivers
v00000208bae72c40_0 .var "count", 2 0;
o00000208baea6fc8 .functor BUFZ 1, C4<z>; HiZ drive
v00000208bae72ce0_0 .net "rst", 0 0, o00000208baea6fc8;  0 drivers
E_00000208baea54a0 .event posedge, v00000208bae72ba0_0;
    .scope S_00000208bae72a10;
T_0 ;
    %wait E_00000208baea54a0;
    %load/vec4 v00000208bae72ce0_0;
    %flag_set/vec4 8;
    %jmp/0xz  T_0.0, 8;
    %pushi/vec4 0, 0, 3;
    %assign/vec4 v00000208bae72c40_0, 0;
    %jmp T_0.1;
T_0.0 ;
    %load/vec4 v00000208bae72c40_0;
    %addi 1, 0, 3;
    %assign/vec4 v00000208bae72c40_0, 0;
T_0.1 ;
    %jmp T_0;
    .thread T_0;
# The file index is used to find the file name in the following table.
:file_names 3;
    "N/A";
    "<interactive>";
    "upcounter.v";
