#! /c/Source/iverilog-install/bin/vvp
:ivl_version "12.0 (devel)" "(s20150603-1110-g18392a46)";
:ivl_delay_selection "TYPICAL";
:vpi_time_precision + 0;
:vpi_module "C:\iverilog\lib\ivl\system.vpi";
:vpi_module "C:\iverilog\lib\ivl\vhdl_sys.vpi";
:vpi_module "C:\iverilog\lib\ivl\vhdl_textio.vpi";
:vpi_module "C:\iverilog\lib\ivl\v2005_math.vpi";
:vpi_module "C:\iverilog\lib\ivl\va_math.vpi";
S_0000027727342b20 .scope module, "encoder" "encoder" 2 1;
 .timescale 0 0;
    .port_info 0 /OUTPUT 2 "Do";
    .port_info 1 /INPUT 4 "Din";
    .port_info 2 /INPUT 1 "En";
o0000027727376fd8 .functor BUFZ 4, C4<zzzz>; HiZ drive
v0000027727342cb0_0 .net "Din", 3 0, o0000027727376fd8;  0 drivers
v0000027727342d50_0 .var "Do", 1 0;
o0000027727377038 .functor BUFZ 1, C4<z>; HiZ drive
v0000027727342df0_0 .net "En", 0 0, o0000027727377038;  0 drivers
E_0000027727487920 .event anyedge, v0000027727342cb0_0, v0000027727342df0_0;
    .scope S_0000027727342b20;
T_0 ;
    %wait E_0000027727487920;
    %load/vec4 v0000027727342df0_0;
    %flag_set/vec4 8;
    %jmp/0xz  T_0.0, 8;
    %load/vec4 v0000027727342cb0_0;
    %dup/vec4;
    %pushi/vec4 1, 0, 4;
    %cmp/u;
    %jmp/1 T_0.2, 6;
    %dup/vec4;
    %pushi/vec4 2, 0, 4;
    %cmp/u;
    %jmp/1 T_0.3, 6;
    %dup/vec4;
    %pushi/vec4 4, 0, 4;
    %cmp/u;
    %jmp/1 T_0.4, 6;
    %dup/vec4;
    %pushi/vec4 8, 0, 4;
    %cmp/u;
    %jmp/1 T_0.5, 6;
    %pushi/vec4 0, 3, 2;
    %store/vec4 v0000027727342d50_0, 0, 2;
    %jmp T_0.7;
T_0.2 ;
    %pushi/vec4 0, 0, 2;
    %store/vec4 v0000027727342d50_0, 0, 2;
    %jmp T_0.7;
T_0.3 ;
    %pushi/vec4 1, 0, 2;
    %store/vec4 v0000027727342d50_0, 0, 2;
    %jmp T_0.7;
T_0.4 ;
    %pushi/vec4 2, 0, 2;
    %store/vec4 v0000027727342d50_0, 0, 2;
    %jmp T_0.7;
T_0.5 ;
    %pushi/vec4 3, 0, 2;
    %store/vec4 v0000027727342d50_0, 0, 2;
    %jmp T_0.7;
T_0.7 ;
    %pop/vec4 1;
T_0.0 ;
    %jmp T_0;
    .thread T_0, $push;
# The file index is used to find the file name in the following table.
:file_names 3;
    "N/A";
    "<interactive>";
    "encoder.v";
