#! /c/Source/iverilog-install/bin/vvp
:ivl_version "12.0 (devel)" "(s20150603-1110-g18392a46)";
:ivl_delay_selection "TYPICAL";
:vpi_time_precision + 0;
:vpi_module "C:\iverilog\lib\ivl\system.vpi";
:vpi_module "C:\iverilog\lib\ivl\vhdl_sys.vpi";
:vpi_module "C:\iverilog\lib\ivl\vhdl_textio.vpi";
:vpi_module "C:\iverilog\lib\ivl\v2005_math.vpi";
:vpi_module "C:\iverilog\lib\ivl\va_math.vpi";
S_000001dd3b012a10 .scope module, "andor" "andor" 2 1;
 .timescale 0 0;
    .port_info 0 /INPUT 1 "A";
    .port_info 1 /INPUT 1 "B";
    .port_info 2 /INPUT 1 "C";
    .port_info 3 /INPUT 1 "D";
    .port_info 4 /OUTPUT 1 "Y";
o000001dd3b046fd8 .functor BUFZ 1, C4<z>; HiZ drive
o000001dd3b047008 .functor BUFZ 1, C4<z>; HiZ drive
L_000001dd3aeeea10 .functor AND 1, o000001dd3b046fd8, o000001dd3b047008, C4<1>, C4<1>;
o000001dd3b047038 .functor BUFZ 1, C4<z>; HiZ drive
o000001dd3b047068 .functor BUFZ 1, C4<z>; HiZ drive
L_000001dd3aeeea80 .functor AND 1, o000001dd3b047038, o000001dd3b047068, C4<1>, C4<1>;
L_000001dd3aeeeaf0 .functor OR 1, L_000001dd3aeeea10, L_000001dd3aeeea80, C4<0>, C4<0>;
v000001dd3b012ba0_0 .net "A", 0 0, o000001dd3b046fd8;  0 drivers
v000001dd3b012c40_0 .net "B", 0 0, o000001dd3b047008;  0 drivers
v000001dd3b012ce0_0 .net "C", 0 0, o000001dd3b047038;  0 drivers
v000001dd3b012d80_0 .net "D", 0 0, o000001dd3b047068;  0 drivers
v000001dd3b012e20_0 .net "Y", 0 0, L_000001dd3aeeeaf0;  1 drivers
v000001dd3aeee8d0_0 .net "a2", 0 0, L_000001dd3aeeea80;  1 drivers
v000001dd3aeee970_0 .net "al", 0 0, L_000001dd3aeeea10;  1 drivers
# The file index is used to find the file name in the following table.
:file_names 3;
    "N/A";
    "<interactive>";
    "andor.v";
