#! /c/Source/iverilog-install/bin/vvp
:ivl_version "12.0 (devel)" "(s20150603-1110-g18392a46)";
:ivl_delay_selection "TYPICAL";
:vpi_time_precision + 0;
:vpi_module "C:\iverilog\lib\ivl\system.vpi";
:vpi_module "C:\iverilog\lib\ivl\vhdl_sys.vpi";
:vpi_module "C:\iverilog\lib\ivl\vhdl_textio.vpi";
:vpi_module "C:\iverilog\lib\ivl\v2005_math.vpi";
:vpi_module "C:\iverilog\lib\ivl\va_math.vpi";
S_000001da07e82490 .scope module, "andornot" "andornot" 2 1;
 .timescale 0 0;
    .port_info 0 /INPUT 1 "a";
    .port_info 1 /INPUT 1 "b";
    .port_info 2 /OUTPUT 3 "y";
o000001da07eb7008 .functor BUFZ 1, C4<z>; HiZ drive
o000001da07eb7038 .functor BUFZ 1, C4<z>; HiZ drive
L_000001da07e82d60 .functor AND 1, o000001da07eb7008, o000001da07eb7038, C4<1>, C4<1>;
L_000001da07e82800 .functor OR 1, o000001da07eb7008, o000001da07eb7038, C4<0>, C4<0>;
L_000001da0802df10 .functor NOT 1, o000001da07eb7008, C4<0>, C4<0>, C4<0>;
v000001da07e82b20_0 .net *"_ivl_11", 0 0, L_000001da0802df10;  1 drivers
v000001da08026fd0_0 .net *"_ivl_2", 0 0, L_000001da07e82d60;  1 drivers
v000001da08027340_0 .net *"_ivl_6", 0 0, L_000001da07e82800;  1 drivers
v000001da07e82620_0 .net "a", 0 0, o000001da07eb7008;  0 drivers
v000001da07e826c0_0 .net "b", 0 0, o000001da07eb7038;  0 drivers
v000001da07e82760_0 .net "y", 2 0, L_000001da07e82870;  1 drivers
L_000001da07e82870 .concat8 [ 1 1 1 0], L_000001da0802df10, L_000001da07e82800, L_000001da07e82d60;
# The file index is used to find the file name in the following table.
:file_names 3;
    "N/A";
    "<interactive>";
    "andornot.v";
