#! /c/Source/iverilog-install/bin/vvp
:ivl_version "12.0 (devel)" "(s20150603-1110-g18392a46)";
:ivl_delay_selection "TYPICAL";
:vpi_time_precision + 0;
:vpi_module "C:\iverilog\lib\ivl\system.vpi";
:vpi_module "C:\iverilog\lib\ivl\vhdl_sys.vpi";
:vpi_module "C:\iverilog\lib\ivl\vhdl_textio.vpi";
:vpi_module "C:\iverilog\lib\ivl\v2005_math.vpi";
:vpi_module "C:\iverilog\lib\ivl\va_math.vpi";
S_000001ce9e8f2b20 .scope module, "SR_FF" "SR_FF" 2 1;
 .timescale 0 0;
    .port_info 0 /INPUT 2 "sr";
    .port_info 1 /INPUT 1 "clk";
    .port_info 2 /OUTPUT 1 "q";
    .port_info 3 /OUTPUT 1 "qb";
o000001ce9e926f98 .functor BUFZ 1, C4<z>; HiZ drive
v000001ce9e8f33f0_0 .net "clk", 0 0, o000001ce9e926f98;  0 drivers
v000001ce9e8f2cb0_0 .var "q", 0 0;
v000001ce9e8f2d50_0 .var "qb", 0 0;
o000001ce9e927028 .functor BUFZ 2, C4<zz>; HiZ drive
v000001ce9e8f2df0_0 .net "sr", 1 0, o000001ce9e927028;  0 drivers
E_000001ce9eac7aa0 .event posedge, v000001ce9e8f33f0_0;
    .scope S_000001ce9e8f2b20;
T_0 ;
    %pushi/vec4 0, 0, 1;
    %store/vec4 v000001ce9e8f2cb0_0, 0, 1;
    %end;
    .thread T_0;
    .scope S_000001ce9e8f2b20;
T_1 ;
    %wait E_000001ce9eac7aa0;
    %load/vec4 v000001ce9e8f2df0_0;
    %dup/vec4;
    %pushi/vec4 0, 0, 2;
    %cmp/u;
    %jmp/1 T_1.0, 6;
    %dup/vec4;
    %pushi/vec4 1, 0, 2;
    %cmp/u;
    %jmp/1 T_1.1, 6;
    %dup/vec4;
    %pushi/vec4 2, 0, 2;
    %cmp/u;
    %jmp/1 T_1.2, 6;
    %dup/vec4;
    %pushi/vec4 3, 0, 2;
    %cmp/u;
    %jmp/1 T_1.3, 6;
    %jmp T_1.4;
T_1.0 ;
    %load/vec4 v000001ce9e8f2cb0_0;
    %store/vec4 v000001ce9e8f2cb0_0, 0, 1;
    %jmp T_1.4;
T_1.1 ;
    %pushi/vec4 0, 0, 1;
    %store/vec4 v000001ce9e8f2cb0_0, 0, 1;
    %jmp T_1.4;
T_1.2 ;
    %pushi/vec4 1, 0, 1;
    %store/vec4 v000001ce9e8f2cb0_0, 0, 1;
    %jmp T_1.4;
T_1.3 ;
    %pushi/vec4 0, 1, 1;
    %store/vec4 v000001ce9e8f2cb0_0, 0, 1;
    %jmp T_1.4;
T_1.4 ;
    %pop/vec4 1;
    %load/vec4 v000001ce9e8f2cb0_0;
    %inv;
    %store/vec4 v000001ce9e8f2d50_0, 0, 1;
    %jmp T_1;
    .thread T_1;
# The file index is used to find the file name in the following table.
:file_names 3;
    "N/A";
    "<interactive>";
    "SR_FF.v";
